{"uuid":"759fbf32-405d-42b8-aa11-5048c6cf3ee1","historyId":"886da3d881470481cc4ccaa9f0db333d","fullName":"com.poc.api.test.myTests.verifyGetService","labels":[{"name":"package","value":"com.poc.api.test.myTests"},{"name":"testClass","value":"com.poc.api.test.myTests"},{"name":"testMethod","value":"verifyGetService"},{"name":"parentSuite","value":"Default Suite"},{"name":"suite","value":"rest"},{"name":"subSuite","value":"com.poc.api.test.myTests"},{"name":"host","value":"DESKTOP-N97SB2F"},{"name":"thread","value":"8808@DESKTOP-N97SB2F.main(1)"}],"links":[],"name":"verifyGetService","status":"broken","statusDetails":{"known":false,"muted":false,"flaky":false,"message":"Invalid JSON expression:\r\nScript1.groovy: 1: unexpected token: 43 @ line 1, column 27.\r\n                            43 Percent\r\n                             ^\r\n\r\n1 error\r\n","trace":"java.lang.IllegalArgumentException: Invalid JSON expression:\r\nScript1.groovy: 1: unexpected token: 43 @ line 1, column 27.\r\n                            43 Percent\r\n                             ^\r\n\r\n1 error\r\n\r\n\tat sun.reflect.NativeConstructorAccessorImpl.newInstance0(Native Method)\r\n\tat sun.reflect.NativeConstructorAccessorImpl.newInstance(NativeConstructorAccessorImpl.java:62)\r\n\tat sun.reflect.DelegatingConstructorAccessorImpl.newInstance(DelegatingConstructorAccessorImpl.java:45)\r\n\tat java.lang.reflect.Constructor.newInstance(Constructor.java:423)\r\n\tat org.codehaus.groovy.reflection.CachedConstructor.invoke(CachedConstructor.java:83)\r\n\tat org.codehaus.groovy.runtime.callsite.ConstructorSite$ConstructorSiteNoUnwrapNoCoerce.callConstructor(ConstructorSite.java:105)\r\n\tat org.codehaus.groovy.runtime.callsite.AbstractCallSite.callConstructor(AbstractCallSite.java:255)\r\n\tat io.restassured.internal.path.json.JSONAssertion.getAsJsonObject(JSONAssertion.groovy:57)\r\n\tat io.restassured.internal.path.json.JSONAssertion$getAsJsonObject.callCurrent(Unknown Source)\r\n\tat io.restassured.internal.path.json.JSONAssertion.getResult(JSONAssertion.groovy:28)\r\n\tat io.restassured.path.json.JsonPath.get(JsonPath.java:202)\r\n\tat com.poc.rest.validator.RestValidator.expectInJSONResponse(RestValidator.java:47)\r\n\tat com.poc.api.test.myTests.verifyGetService(myTests.java:51)\r\n\tat sun.reflect.NativeMethodAccessorImpl.invoke0(Native Method)\r\n\tat sun.reflect.NativeMethodAccessorImpl.invoke(NativeMethodAccessorImpl.java:62)\r\n\tat sun.reflect.DelegatingMethodAccessorImpl.invoke(DelegatingMethodAccessorImpl.java:43)\r\n\tat java.lang.reflect.Method.invoke(Method.java:498)\r\n\tat org.testng.internal.MethodInvocationHelper.invokeMethod(MethodInvocationHelper.java:108)\r\n\tat org.testng.internal.Invoker.invokeMethod(Invoker.java:661)\r\n\tat org.testng.internal.Invoker.invokeTestMethod(Invoker.java:869)\r\n\tat org.testng.internal.Invoker.invokeTestMethods(Invoker.java:1193)\r\n\tat org.testng.internal.TestMethodWorker.invokeTestMethods(TestMethodWorker.java:126)\r\n\tat org.testng.internal.TestMethodWorker.run(TestMethodWorker.java:109)\r\n\tat org.testng.TestRunner.privateRun(TestRunner.java:744)\r\n\tat org.testng.TestRunner.run(TestRunner.java:602)\r\n\tat org.testng.SuiteRunner.runTest(SuiteRunner.java:380)\r\n\tat org.testng.SuiteRunner.runSequentially(SuiteRunner.java:375)\r\n\tat org.testng.SuiteRunner.privateRun(SuiteRunner.java:340)\r\n\tat org.testng.SuiteRunner.run(SuiteRunner.java:289)\r\n\tat org.testng.SuiteRunnerWorker.runSuite(SuiteRunnerWorker.java:52)\r\n\tat org.testng.SuiteRunnerWorker.run(SuiteRunnerWorker.java:86)\r\n\tat org.testng.TestNG.runSuitesSequentially(TestNG.java:1301)\r\n\tat org.testng.TestNG.runSuitesLocally(TestNG.java:1226)\r\n\tat org.testng.TestNG.runSuites(TestNG.java:1144)\r\n\tat org.testng.TestNG.run(TestNG.java:1115)\r\n\tat org.testng.IDEARemoteTestNG.run(IDEARemoteTestNG.java:72)\r\n\tat org.testng.RemoteTestNGStarter.main(RemoteTestNGStarter.java:123)\r\nCaused by: org.codehaus.groovy.control.MultipleCompilationErrorsException: startup failed:\r\nScript1.groovy: 1: unexpected token: 43 @ line 1, column 27.\r\n   restAssuredJsonRootObject.43 Percent\r\n                             ^\r\n\r\n1 error\r\n\r\n\tat org.codehaus.groovy.control.ErrorCollector.failIfErrors(ErrorCollector.java:310)\r\n\tat org.codehaus.groovy.control.ErrorCollector.addFatalError(ErrorCollector.java:150)\r\n\tat org.codehaus.groovy.control.ErrorCollector.addError(ErrorCollector.java:120)\r\n\tat org.codehaus.groovy.control.ErrorCollector.addError(ErrorCollector.java:132)\r\n\tat org.codehaus.groovy.control.SourceUnit.addError(SourceUnit.java:360)\r\n\tat org.codehaus.groovy.antlr.AntlrParserPlugin.transformCSTIntoAST(AntlrParserPlugin.java:145)\r\n\tat org.codehaus.groovy.antlr.AntlrParserPlugin.parseCST(AntlrParserPlugin.java:111)\r\n\tat org.codehaus.groovy.control.SourceUnit.parse(SourceUnit.java:237)\r\n\tat org.codehaus.groovy.control.CompilationUnit$1.call(CompilationUnit.java:167)\r\n\tat org.codehaus.groovy.control.CompilationUnit.applyToSourceUnits(CompilationUnit.java:931)\r\n\tat org.codehaus.groovy.control.CompilationUnit.doPhaseOperation(CompilationUnit.java:593)\r\n\tat org.codehaus.groovy.control.CompilationUnit.processPhaseOperations(CompilationUnit.java:569)\r\n\tat org.codehaus.groovy.control.CompilationUnit.compile(CompilationUnit.java:546)\r\n\tat groovy.lang.GroovyClassLoader.doParseClass(GroovyClassLoader.java:298)\r\n\tat groovy.lang.GroovyClassLoader.parseClass(GroovyClassLoader.java:268)\r\n\tat groovy.lang.GroovyShell.parseClass(GroovyShell.java:688)\r\n\tat groovy.lang.GroovyShell.parse(GroovyShell.java:700)\r\n\tat groovy.lang.GroovyShell.evaluate(GroovyShell.java:584)\r\n\tat groovy.lang.GroovyShell.evaluate(GroovyShell.java:623)\r\n\tat groovy.lang.GroovyShell.evaluate(GroovyShell.java:594)\r\n\tat sun.reflect.NativeMethodAccessorImpl.invoke0(Native Method)\r\n\tat sun.reflect.NativeMethodAccessorImpl.invoke(NativeMethodAccessorImpl.java:62)\r\n\tat sun.reflect.DelegatingMethodAccessorImpl.invoke(DelegatingMethodAccessorImpl.java:43)\r\n\tat java.lang.reflect.Method.invoke(Method.java:498)\r\n\tat org.codehaus.groovy.runtime.callsite.PogoMetaMethodSite$PogoCachedMethodSiteNoUnwrap.invoke(PogoMetaMethodSite.java:190)\r\n\tat org.codehaus.groovy.runtime.callsite.PogoMetaMethodSite.call(PogoMetaMethodSite.java:71)\r\n\tat org.codehaus.groovy.runtime.callsite.AbstractCallSite.call(AbstractCallSite.java:125)\r\n\tat io.restassured.internal.path.json.JSONAssertion.eval(JSONAssertion.groovy:80)\r\n\tat sun.reflect.NativeMethodAccessorImpl.invoke0(Native Method)\r\n\tat sun.reflect.NativeMethodAccessorImpl.invoke(NativeMethodAccessorImpl.java:62)\r\n\tat sun.reflect.DelegatingMethodAccessorImpl.invoke(DelegatingMethodAccessorImpl.java:43)\r\n\tat java.lang.reflect.Method.invoke(Method.java:498)\r\n\tat org.codehaus.groovy.runtime.callsite.PogoMetaMethodSite$PogoCachedMethodSiteNoUnwrapNoCoerce.invoke(PogoMetaMethodSite.java:210)\r\n\tat org.codehaus.groovy.runtime.callsite.PogoMetaMethodSite.callCurrent(PogoMetaMethodSite.java:59)\r\n\tat org.codehaus.groovy.runtime.callsite.AbstractCallSite.callCurrent(AbstractCallSite.java:182)\r\n\tat io.restassured.internal.path.json.JSONAssertion.getAsJsonObject(JSONAssertion.groovy:46)\r\n\t... 29 more\r\n"},"stage":"finished","start":1544333085634,"stop":1544333114187,"parameters":[]}